\BOOKMARK [0][-]{Doc-Start}{\376\377\123\343\212\146\131\324\124\341\147\003\133\351\133\232\146\370}{}% 1
\BOOKMARK [0][-]{chapter*.1}{\376\377\201\364\213\035}{}% 2
\BOOKMARK [0][-]{chapter*.2}{\376\377\116\055\145\207\144\130\211\201}{}% 3
\BOOKMARK [0][-]{chapter*.3}{\376\377\000A\000b\000s\000t\000r\000a\000c\000t}{}% 4
\BOOKMARK [0][-]{chapter*.4}{\376\377\000C\000o\000n\000t\000e\000n\000t\000s}{}% 5
\BOOKMARK [0][-]{chapter*.5}{\376\377\000L\000i\000s\000t\000\040\000o\000f\000\040\000F\000i\000g\000u\000r\000e\000s}{}% 6
\BOOKMARK [0][-]{chapter*.6}{\376\377\000L\000i\000s\000t\000\040\000o\000f\000\040\000T\000a\000b\000l\000e\000s}{}% 7
\BOOKMARK [0][-]{chapter.1}{\376\377\000G\000e\000t\000\040\000s\000t\000a\000r\000t\000e\000d\000\040\000w\000i\000t\000h\000\040\000L\000a\000T\000e\000X\000\040}{}% 8
\BOOKMARK [1][-]{section.1.1}{\376\377\000L\000a\000T\000e\000X\000\040\000A\000d\000a\000v\000a\000n\000c\000e\000d\000\040\000F\000e\000a\000t\000u\000r\000e\000s}{chapter.1}% 9
\BOOKMARK [2][-]{subsection.1.1.1}{\376\377\000F\000i\000g\000u\000r\000e}{section.1.1}% 10
\BOOKMARK [2][-]{subsection.1.1.2}{\376\377\000T\000a\000b\000l\000e}{section.1.1}% 11
\BOOKMARK [2][-]{subsection.1.1.3}{\376\377\000V\000e\000r\000b}{section.1.1}% 12
\BOOKMARK [2][-]{subsection.1.1.4}{\376\377\000E\000n\000u\000m\000e\000r\000a\000t\000i\000o\000n}{section.1.1}% 13
\BOOKMARK [2][-]{subsection.1.1.5}{\376\377\000C\000o\000d\000e\000\040\000D\000i\000s\000p\000l\000a\000y}{section.1.1}% 14
\BOOKMARK [2][-]{subsection.1.1.6}{\376\377\000M\000a\000t\000h}{section.1.1}% 15
\BOOKMARK [2][-]{subsection.1.1.7}{\376\377\000A\000l\000g\000o\000r\000i\000t\000h\000m\000s}{section.1.1}% 16
\BOOKMARK [0][-]{chapter.2}{\376\377\000I\000n\000t\000r\000o\000d\000u\000c\000t\000i\000o\000n}{}% 17
\BOOKMARK [0][-]{chapter.3}{\376\377\000T\000h\000e\000o\000r\000y\000\040\000o\000f\000\040\000s\000u\000r\000f\000a\000c\000e\000\040\000p\000l\000a\000s\000m\000o\000n\000\040\000p\000o\000l\000a\000r\000i\000t\000o\000n\000s\000\040\000i\000n\000\040\000m\000e\000t\000a\000l\000l\000i\000c\000\040\000n\000a\000n\000o\000-\000s\000t\000r\000u\000c\000t\000u\000r\000e\000s}{}% 18
\BOOKMARK [1][-]{section.3.1}{\376\377\000D\000e\000f\000i\000n\000i\000t\000i\000o\000n\000\040\000o\000f\000\040\000p\000l\000a\000s\000m\000o\000n}{chapter.3}% 19
\BOOKMARK [1][-]{section.3.2}{\376\377\000S\000u\000r\000f\000a\000c\000e\000\040\000p\000l\000a\000s\000m\000o\000n\000\040\000p\000o\000l\000a\000r\000i\000t\000o\000n\000s\000\040\000a\000t\000\040\000i\000n\000t\000e\000r\000f\000a\000c\000e\000\040\000b\000e\000t\000w\000e\000e\000n\000\040\000d\000i\000e\000l\000e\000c\000t\000r\000i\000c\000\040\000a\000n\000d\000\040\000m\000e\000t\000a\000l}{chapter.3}% 20
\BOOKMARK [0][-]{chapter.4}{\376\377\000E\000x\000p\000e\000r\000i\000m\000e\000n\000t}{}% 21
\BOOKMARK [1][-]{section.4.1}{\376\377\000A\000t\000o\000m\000i\000c\000\040\000f\000o\000r\000c\000e\000\040\000m\000i\000c\000r\000o\000s\000c\000o\000p\000y}{chapter.4}% 22
\BOOKMARK [1][-]{section.4.2}{\376\377\000S\000c\000a\000n\000n\000i\000n\000g\000\040\000e\000l\000e\000c\000t\000r\000o\000n\000\040\000m\000i\000c\000r\000o\000s\000c\000o\000p\000y}{chapter.4}% 23
